<?xml version="1.0" encoding="UTF-8"?>
<!-- Generated by org.testng.reporters.JUnitReportReporter -->
<testsuite skipped="0" hostname="Saxan" name="qaclickacademy.RestAPITest" tests="2" failures="0" timestamp="2020-01-24T20:23:32 IST" time="0.001" errors="0">
  <testcase name="RestAPIAutomation" time="0.000" classname="qaclickacademy.RestAPITest"/>
  <system-out/>
  <testcase name="RestApiTest" time="0.001" classname="qaclickacademy.RestAPITest"/>
  <system-out/>
</testsuite> <!-- qaclickacademy.RestAPITest -->
