<?xml version="1.0" encoding="UTF-8"?>
<!-- Generated by org.testng.reporters.JUnitReportReporter -->
<testsuite skipped="0" hostname="Saxan" name="qaclickacademy.AppiumTest" tests="2" failures="0" timestamp="2020-01-24T20:23:32 IST" time="0.008" errors="0">
  <testcase name="MobileTest" time="0.000" classname="qaclickacademy.AppiumTest"/>
  <system-out/>
  <testcase name="MobileAutomation" time="0.008" classname="qaclickacademy.AppiumTest"/>
  <system-out/>
</testsuite> <!-- qaclickacademy.AppiumTest -->
